<?xml version="1.0" encoding="UTF-8" ?>
<testsuite failures="0" time="0.005" errors="0" skipped="0" tests="2" name="org.deri.any23.validator.XMLValidationReportSerializerTest">
  <properties>
    <property name="java.runtime.name" value="Java(TM) SE Runtime Environment"/>
    <property name="sun.boot.library.path" value="/System/Library/Java/JavaVirtualMachines/1.6.0.jdk/Contents/Libraries"/>
    <property name="java.vm.version" value="20.1-b02-384"/>
    <property name="awt.nativeDoubleBuffering" value="true"/>
    <property name="gopherProxySet" value="false"/>
    <property name="mrj.build" value="10M3425"/>
    <property name="java.vm.vendor" value="Apple Inc."/>
    <property name="java.vendor.url" value="http://www.apple.com/"/>
    <property name="path.separator" value=":"/>
    <property name="java.vm.name" value="Java HotSpot(TM) 64-Bit Server VM"/>
    <property name="file.encoding.pkg" value="sun.io"/>
    <property name="user.country" value="US"/>
    <property name="sun.java.launcher" value="SUN_STANDARD"/>
    <property name="sun.os.patch.level" value="unknown"/>
    <property name="java.vm.specification.name" value="Java Virtual Machine Specification"/>
    <property name="user.dir" value="/Users/hardest/repository/SindiceOS/Any23/distro/any23-0.6.1/any23-core"/>
    <property name="java.runtime.version" value="1.6.0_26-b03-384-10M3425"/>
    <property name="java.awt.graphicsenv" value="apple.awt.CGraphicsEnvironment"/>
    <property name="basedir" value="/Users/hardest/repository/SindiceOS/Any23/distro/any23-0.6.1/any23-core"/>
    <property name="java.endorsed.dirs" value="/System/Library/Java/JavaVirtualMachines/1.6.0.jdk/Contents/Home/lib/endorsed"/>
    <property name="os.arch" value="x86_64"/>
    <property name="surefire.real.class.path" value="/var/folders/OJ/OJWU97+9Hu0zdhTydhGgWE+++TQ/-Tmp-/surefirebooter3093252980040631104.jar"/>
    <property name="java.io.tmpdir" value="/var/folders/OJ/OJWU97+9Hu0zdhTydhGgWE+++TQ/-Tmp-/"/>
    <property name="line.separator" value="
"/>
    <property name="java.vm.specification.vendor" value="Sun Microsystems Inc."/>
    <property name="os.name" value="Mac OS X"/>
    <property name="sun.jnu.encoding" value="MacRoman"/>
    <property name="java.library.path" value=".:/Library/Java/Extensions:/System/Library/Java/Extensions:/usr/lib/java"/>
    <property name="surefire.test.class.path" value="/Users/hardest/repository/SindiceOS/Any23/distro/any23-0.6.1/any23-core/target/test-classes:/Users/hardest/repository/SindiceOS/Any23/distro/any23-0.6.1/any23-core/target/classes:/Users/hardest/.m2/repository/commons-lang/commons-lang/2.4/commons-lang-2.4.jar:/Users/hardest/.m2/repository/commons-httpclient/commons-httpclient/3.1/commons-httpclient-3.1.jar:/Users/hardest/.m2/repository/commons-logging/commons-logging/1.0.4/commons-logging-1.0.4.jar:/Users/hardest/.m2/repository/commons-codec/commons-codec/1.3/commons-codec-1.3.jar:/Users/hardest/.m2/repository/commons-cli/commons-cli/1.2/commons-cli-1.2.jar:/Users/hardest/.m2/repository/net/sourceforge/nekohtml/nekohtml/1.9.14/nekohtml-1.9.14.jar:/Users/hardest/.m2/repository/xerces/xercesImpl/2.9.1/xercesImpl-2.9.1.jar:/Users/hardest/.m2/repository/xml-apis/xml-apis/1.3.04/xml-apis-1.3.04.jar:/Users/hardest/.m2/repository/org/apache/tika/tika-core/0.6/tika-core-0.6.jar:/Users/hardest/.m2/repository/org/apache/tika/tika-parsers/0.6/tika-parsers-0.6.jar:/Users/hardest/.m2/repository/org/apache/commons/commons-compress/1.0/commons-compress-1.0.jar:/Users/hardest/.m2/repository/org/apache/pdfbox/pdfbox/0.8.0-incubating/pdfbox-0.8.0-incubating.jar:/Users/hardest/.m2/repository/org/apache/pdfbox/fontbox/0.8.0-incubator/fontbox-0.8.0-incubator.jar:/Users/hardest/.m2/repository/org/apache/pdfbox/jempbox/0.8.0-incubator/jempbox-0.8.0-incubator.jar:/Users/hardest/.m2/repository/org/apache/poi/poi/3.6/poi-3.6.jar:/Users/hardest/.m2/repository/org/apache/poi/poi-scratchpad/3.6/poi-scratchpad-3.6.jar:/Users/hardest/.m2/repository/org/apache/poi/poi-ooxml/3.6/poi-ooxml-3.6.jar:/Users/hardest/.m2/repository/org/apache/poi/poi-ooxml-schemas/3.6/poi-ooxml-schemas-3.6.jar:/Users/hardest/.m2/repository/org/apache/xmlbeans/xmlbeans/2.3.0/xmlbeans-2.3.0.jar:/Users/hardest/.m2/repository/dom4j/dom4j/1.6.1/dom4j-1.6.1.jar:/Users/hardest/.m2/repository/org/apache/geronimo/specs/geronimo-stax-api_1.0_spec/1.0.1/geronimo-stax-api_1.0_spec-1.0.1.jar:/Users/hardest/.m2/repository/org/ccil/cowan/tagsoup/tagsoup/1.2/tagsoup-1.2.jar:/Users/hardest/.m2/repository/asm/asm/3.1/asm-3.1.jar:/Users/hardest/.m2/repository/log4j/log4j/1.2.14/log4j-1.2.14.jar:/Users/hardest/.m2/repository/com/drewnoakes/metadata-extractor/2.4.0-beta-1/metadata-extractor-2.4.0-beta-1.jar:/Users/hardest/.m2/repository/org/openrdf/sesame/sesame-model/2.4.0/sesame-model-2.4.0.jar:/Users/hardest/.m2/repository/info/aduna/commons/aduna-commons-collections/2.8.0/aduna-commons-collections-2.8.0.jar:/Users/hardest/.m2/repository/info/aduna/commons/aduna-commons-i18n/1.4.0/aduna-commons-i18n-1.4.0.jar:/Users/hardest/.m2/repository/org/openrdf/sesame/sesame-rio-api/2.4.0/sesame-rio-api-2.4.0.jar:/Users/hardest/.m2/repository/org/openrdf/sesame/sesame-rio-turtle/2.4.0/sesame-rio-turtle-2.4.0.jar:/Users/hardest/.m2/repository/org/openrdf/sesame/sesame-rio-rdfxml/2.4.0/sesame-rio-rdfxml-2.4.0.jar:/Users/hardest/.m2/repository/org/openrdf/sesame/sesame-rio-ntriples/2.4.0/sesame-rio-ntriples-2.4.0.jar:/Users/hardest/.m2/repository/org/openrdf/sesame/sesame-repository-sail/2.4.0/sesame-repository-sail-2.4.0.jar:/Users/hardest/.m2/repository/org/openrdf/sesame/sesame-sail-api/2.4.0/sesame-sail-api-2.4.0.jar:/Users/hardest/.m2/repository/org/openrdf/sesame/sesame-queryparser-api/2.4.0/sesame-queryparser-api-2.4.0.jar:/Users/hardest/.m2/repository/org/openrdf/sesame/sesame-queryalgebra-model/2.4.0/sesame-queryalgebra-model-2.4.0.jar:/Users/hardest/.m2/repository/org/openrdf/sesame/sesame-query/2.4.0/sesame-query-2.4.0.jar:/Users/hardest/.m2/repository/org/openrdf/sesame/sesame-sail-memory/2.4.0/sesame-sail-memory-2.4.0.jar:/Users/hardest/.m2/repository/org/openrdf/sesame/sesame-sail-inferencer/2.4.0/sesame-sail-inferencer-2.4.0.jar:/Users/hardest/.m2/repository/org/openrdf/sesame/sesame-queryparser-serql/2.4.0/sesame-queryparser-serql-2.4.0.jar:/Users/hardest/.m2/repository/org/openrdf/sesame/sesame-queryalgebra-evaluation/2.4.0/sesame-queryalgebra-evaluation-2.4.0.jar:/Users/hardest/.m2/repository/org/openrdf/sesame/sesame-repository-api/2.4.0/sesame-repository-api-2.4.0.jar:/Users/hardest/.m2/repository/info/aduna/commons/aduna-commons-xml/2.7.0/aduna-commons-xml-2.7.0.jar:/Users/hardest/.m2/repository/info/aduna/commons/aduna-commons-text/2.7.0/aduna-commons-text-2.7.0.jar:/Users/hardest/.m2/repository/info/aduna/commons/aduna-commons-net/2.7.0/aduna-commons-net-2.7.0.jar:/Users/hardest/.m2/repository/info/aduna/commons/aduna-commons-lang/2.9.0/aduna-commons-lang-2.9.0.jar:/Users/hardest/.m2/repository/info/aduna/commons/aduna-commons-iteration/2.10.0/aduna-commons-iteration-2.10.0.jar:/Users/hardest/.m2/repository/info/aduna/commons/aduna-commons-io/2.10.0/aduna-commons-io-2.10.0.jar:/Users/hardest/.m2/repository/info/aduna/commons/aduna-commons-concurrent/2.7.0/aduna-commons-concurrent-2.7.0.jar:/Users/hardest/.m2/repository/org/apache/commons/commons-csv/1.0-SNAPSHOT-rev1148315/commons-csv-1.0-SNAPSHOT-rev1148315.jar:/Users/hardest/.m2/repository/net/xeoh/jspf/0.9.0/jspf-0.9.0.jar:/Users/hardest/.m2/repository/org/slf4j/slf4j-api/1.5.6/slf4j-api-1.5.6.jar:/Users/hardest/.m2/repository/org/slf4j/slf4j-jdk14/1.5.6/slf4j-jdk14-1.5.6.jar:/Users/hardest/.m2/repository/org/slf4j/jcl-over-slf4j/1.5.6/jcl-over-slf4j-1.5.6.jar:/Users/hardest/.m2/repository/junit/junit/4.5/junit-4.5.jar:/Users/hardest/.m2/repository/org/mockito/mockito-core/1.8.5/mockito-core-1.8.5.jar:/Users/hardest/.m2/repository/org/hamcrest/hamcrest-core/1.1/hamcrest-core-1.1.jar:/Users/hardest/.m2/repository/org/objenesis/objenesis/1.0/objenesis-1.0.jar:"/>
    <property name="java.specification.name" value="Java Platform API Specification"/>
    <property name="java.class.version" value="50.0"/>
    <property name="sun.management.compiler" value="HotSpot 64-Bit Tiered Compilers"/>
    <property name="os.version" value="10.6.8"/>
    <property name="user.home" value="/Users/hardest"/>
    <property name="user.timezone" value="Europe/Rome"/>
    <property name="java.awt.printerjob" value="apple.awt.CPrinterJob"/>
    <property name="java.specification.version" value="1.6"/>
    <property name="file.encoding" value="MacRoman"/>
    <property name="user.name" value="hardest"/>
    <property name="java.class.path" value="/Users/hardest/repository/SindiceOS/Any23/distro/any23-0.6.1/any23-core/target/test-classes:/Users/hardest/repository/SindiceOS/Any23/distro/any23-0.6.1/any23-core/target/classes:/Users/hardest/.m2/repository/commons-lang/commons-lang/2.4/commons-lang-2.4.jar:/Users/hardest/.m2/repository/commons-httpclient/commons-httpclient/3.1/commons-httpclient-3.1.jar:/Users/hardest/.m2/repository/commons-logging/commons-logging/1.0.4/commons-logging-1.0.4.jar:/Users/hardest/.m2/repository/commons-codec/commons-codec/1.3/commons-codec-1.3.jar:/Users/hardest/.m2/repository/commons-cli/commons-cli/1.2/commons-cli-1.2.jar:/Users/hardest/.m2/repository/net/sourceforge/nekohtml/nekohtml/1.9.14/nekohtml-1.9.14.jar:/Users/hardest/.m2/repository/xerces/xercesImpl/2.9.1/xercesImpl-2.9.1.jar:/Users/hardest/.m2/repository/xml-apis/xml-apis/1.3.04/xml-apis-1.3.04.jar:/Users/hardest/.m2/repository/org/apache/tika/tika-core/0.6/tika-core-0.6.jar:/Users/hardest/.m2/repository/org/apache/tika/tika-parsers/0.6/tika-parsers-0.6.jar:/Users/hardest/.m2/repository/org/apache/commons/commons-compress/1.0/commons-compress-1.0.jar:/Users/hardest/.m2/repository/org/apache/pdfbox/pdfbox/0.8.0-incubating/pdfbox-0.8.0-incubating.jar:/Users/hardest/.m2/repository/org/apache/pdfbox/fontbox/0.8.0-incubator/fontbox-0.8.0-incubator.jar:/Users/hardest/.m2/repository/org/apache/pdfbox/jempbox/0.8.0-incubator/jempbox-0.8.0-incubator.jar:/Users/hardest/.m2/repository/org/apache/poi/poi/3.6/poi-3.6.jar:/Users/hardest/.m2/repository/org/apache/poi/poi-scratchpad/3.6/poi-scratchpad-3.6.jar:/Users/hardest/.m2/repository/org/apache/poi/poi-ooxml/3.6/poi-ooxml-3.6.jar:/Users/hardest/.m2/repository/org/apache/poi/poi-ooxml-schemas/3.6/poi-ooxml-schemas-3.6.jar:/Users/hardest/.m2/repository/org/apache/xmlbeans/xmlbeans/2.3.0/xmlbeans-2.3.0.jar:/Users/hardest/.m2/repository/dom4j/dom4j/1.6.1/dom4j-1.6.1.jar:/Users/hardest/.m2/repository/org/apache/geronimo/specs/geronimo-stax-api_1.0_spec/1.0.1/geronimo-stax-api_1.0_spec-1.0.1.jar:/Users/hardest/.m2/repository/org/ccil/cowan/tagsoup/tagsoup/1.2/tagsoup-1.2.jar:/Users/hardest/.m2/repository/asm/asm/3.1/asm-3.1.jar:/Users/hardest/.m2/repository/log4j/log4j/1.2.14/log4j-1.2.14.jar:/Users/hardest/.m2/repository/com/drewnoakes/metadata-extractor/2.4.0-beta-1/metadata-extractor-2.4.0-beta-1.jar:/Users/hardest/.m2/repository/org/openrdf/sesame/sesame-model/2.4.0/sesame-model-2.4.0.jar:/Users/hardest/.m2/repository/info/aduna/commons/aduna-commons-collections/2.8.0/aduna-commons-collections-2.8.0.jar:/Users/hardest/.m2/repository/info/aduna/commons/aduna-commons-i18n/1.4.0/aduna-commons-i18n-1.4.0.jar:/Users/hardest/.m2/repository/org/openrdf/sesame/sesame-rio-api/2.4.0/sesame-rio-api-2.4.0.jar:/Users/hardest/.m2/repository/org/openrdf/sesame/sesame-rio-turtle/2.4.0/sesame-rio-turtle-2.4.0.jar:/Users/hardest/.m2/repository/org/openrdf/sesame/sesame-rio-rdfxml/2.4.0/sesame-rio-rdfxml-2.4.0.jar:/Users/hardest/.m2/repository/org/openrdf/sesame/sesame-rio-ntriples/2.4.0/sesame-rio-ntriples-2.4.0.jar:/Users/hardest/.m2/repository/org/openrdf/sesame/sesame-repository-sail/2.4.0/sesame-repository-sail-2.4.0.jar:/Users/hardest/.m2/repository/org/openrdf/sesame/sesame-sail-api/2.4.0/sesame-sail-api-2.4.0.jar:/Users/hardest/.m2/repository/org/openrdf/sesame/sesame-queryparser-api/2.4.0/sesame-queryparser-api-2.4.0.jar:/Users/hardest/.m2/repository/org/openrdf/sesame/sesame-queryalgebra-model/2.4.0/sesame-queryalgebra-model-2.4.0.jar:/Users/hardest/.m2/repository/org/openrdf/sesame/sesame-query/2.4.0/sesame-query-2.4.0.jar:/Users/hardest/.m2/repository/org/openrdf/sesame/sesame-sail-memory/2.4.0/sesame-sail-memory-2.4.0.jar:/Users/hardest/.m2/repository/org/openrdf/sesame/sesame-sail-inferencer/2.4.0/sesame-sail-inferencer-2.4.0.jar:/Users/hardest/.m2/repository/org/openrdf/sesame/sesame-queryparser-serql/2.4.0/sesame-queryparser-serql-2.4.0.jar:/Users/hardest/.m2/repository/org/openrdf/sesame/sesame-queryalgebra-evaluation/2.4.0/sesame-queryalgebra-evaluation-2.4.0.jar:/Users/hardest/.m2/repository/org/openrdf/sesame/sesame-repository-api/2.4.0/sesame-repository-api-2.4.0.jar:/Users/hardest/.m2/repository/info/aduna/commons/aduna-commons-xml/2.7.0/aduna-commons-xml-2.7.0.jar:/Users/hardest/.m2/repository/info/aduna/commons/aduna-commons-text/2.7.0/aduna-commons-text-2.7.0.jar:/Users/hardest/.m2/repository/info/aduna/commons/aduna-commons-net/2.7.0/aduna-commons-net-2.7.0.jar:/Users/hardest/.m2/repository/info/aduna/commons/aduna-commons-lang/2.9.0/aduna-commons-lang-2.9.0.jar:/Users/hardest/.m2/repository/info/aduna/commons/aduna-commons-iteration/2.10.0/aduna-commons-iteration-2.10.0.jar:/Users/hardest/.m2/repository/info/aduna/commons/aduna-commons-io/2.10.0/aduna-commons-io-2.10.0.jar:/Users/hardest/.m2/repository/info/aduna/commons/aduna-commons-concurrent/2.7.0/aduna-commons-concurrent-2.7.0.jar:/Users/hardest/.m2/repository/org/apache/commons/commons-csv/1.0-SNAPSHOT-rev1148315/commons-csv-1.0-SNAPSHOT-rev1148315.jar:/Users/hardest/.m2/repository/net/xeoh/jspf/0.9.0/jspf-0.9.0.jar:/Users/hardest/.m2/repository/org/slf4j/slf4j-api/1.5.6/slf4j-api-1.5.6.jar:/Users/hardest/.m2/repository/org/slf4j/slf4j-jdk14/1.5.6/slf4j-jdk14-1.5.6.jar:/Users/hardest/.m2/repository/org/slf4j/jcl-over-slf4j/1.5.6/jcl-over-slf4j-1.5.6.jar:/Users/hardest/.m2/repository/junit/junit/4.5/junit-4.5.jar:/Users/hardest/.m2/repository/org/mockito/mockito-core/1.8.5/mockito-core-1.8.5.jar:/Users/hardest/.m2/repository/org/hamcrest/hamcrest-core/1.1/hamcrest-core-1.1.jar:/Users/hardest/.m2/repository/org/objenesis/objenesis/1.0/objenesis-1.0.jar:"/>
    <property name="java.vm.specification.version" value="1.0"/>
    <property name="sun.arch.data.model" value="64"/>
    <property name="java.home" value="/System/Library/Java/JavaVirtualMachines/1.6.0.jdk/Contents/Home"/>
    <property name="sun.java.command" value="/var/folders/OJ/OJWU97+9Hu0zdhTydhGgWE+++TQ/-Tmp-/surefirebooter3093252980040631104.jar /var/folders/OJ/OJWU97+9Hu0zdhTydhGgWE+++TQ/-Tmp-/surefire7341883661250523848tmp /var/folders/OJ/OJWU97+9Hu0zdhTydhGgWE+++TQ/-Tmp-/surefire6569383942126590228tmp"/>
    <property name="java.specification.vendor" value="Sun Microsystems Inc."/>
    <property name="user.language" value="en"/>
    <property name="awt.toolkit" value="apple.awt.CToolkit"/>
    <property name="java.vm.info" value="mixed mode"/>
    <property name="java.version" value="1.6.0_26"/>
    <property name="java.ext.dirs" value="/Library/Java/Extensions:/System/Library/Java/Extensions:/System/Library/Java/JavaVirtualMachines/1.6.0.jdk/Contents/Home/lib/ext"/>
    <property name="sun.boot.class.path" value="/System/Library/Java/JavaVirtualMachines/1.6.0.jdk/Contents/Classes/jsfd.jar:/System/Library/Java/JavaVirtualMachines/1.6.0.jdk/Contents/Classes/classes.jar:/System/Library/Frameworks/JavaVM.framework/Frameworks/JavaRuntimeSupport.framework/Resources/Java/JavaRuntimeSupport.jar:/System/Library/Java/JavaVirtualMachines/1.6.0.jdk/Contents/Classes/ui.jar:/System/Library/Java/JavaVirtualMachines/1.6.0.jdk/Contents/Classes/laf.jar:/System/Library/Java/JavaVirtualMachines/1.6.0.jdk/Contents/Classes/sunrsasign.jar:/System/Library/Java/JavaVirtualMachines/1.6.0.jdk/Contents/Classes/jsse.jar:/System/Library/Java/JavaVirtualMachines/1.6.0.jdk/Contents/Classes/jce.jar:/System/Library/Java/JavaVirtualMachines/1.6.0.jdk/Contents/Classes/charsets.jar"/>
    <property name="java.vendor" value="Apple Inc."/>
    <property name="localRepository" value="/Users/hardest/.m2/repository"/>
    <property name="file.separator" value="/"/>
    <property name="java.vendor.url.bug" value="http://bugreport.apple.com/"/>
    <property name="sun.cpu.endian" value="little"/>
    <property name="sun.io.unicode.encoding" value="UnicodeLittle"/>
    <property name="mrj.version" value="1060.1.6.0_26-384"/>
    <property name="sun.cpu.isalist" value=""/>
  </properties>
  <testcase time="0.003" classname="org.deri.any23.validator.XMLValidationReportSerializerTest" name="testSerializeEmptyReport"/>
  <testcase time="0.002" classname="org.deri.any23.validator.XMLValidationReportSerializerTest" name="testSerialize"/>
</testsuite>